<?xml version="1.0" encoding="UTF-8"?>
<!-- Generated by org.testng.reporters.JUnitXMLReporter -->
<testsuite ignored="0" hostname="Pavithra-Laptop" failures="0" tests="3" name="Test" time="749.611" errors="0" timestamp="2023-04-25T09:06:20 MST">
  <testcase classname="com.tarladalal.testcases.TC_HypothyroidData" name="browserlaunch" time="2.855"/>
  <testcase classname="com.tarladalal.testcases.TC_HypothyroidData" name="getRecipeDetails" time="10.81"/>
  <testcase classname="com.tarladalal.testcases.TC_HypothyroidData" name="captureDatainsheet" time="732.993"/>
</testsuite> <!-- Test -->
