<?xml version="1.0" encoding="UTF-8"?>
<!-- Generated by org.testng.reporters.JUnitXMLReporter -->
<testsuite ignored="0" hostname="Pavithra-Laptop" failures="0" tests="3" name="Test" time="11.331" errors="0" timestamp="2023-04-19T18:37:06 MST">
  <testcase classname="com.tarladalal.testcases.TC_DiabetesData" name="browserlaunch" time="2.858"/>
  <testcase classname="com.tarladalal.testcases.TC_DiabetesData" name="getRecipeDetails" time="5.417"/>
  <testcase classname="com.tarladalal.testcases.TC_DiabetesData" name="getDiabeticData" time="0.001"/>
</testsuite> <!-- Test -->
