<?xml version="1.0" encoding="UTF-8"?>
<testng-results ignored="0" total="3" passed="3" failed="0" skipped="0">
  <reporter-output>
  </reporter-output>
  <suite started-at="2023-04-25T11:25:10 MST" name="Suite" finished-at="2023-04-25T11:25:42 MST" duration-ms="31772">
    <groups>
      <group name="Hypothyroid">
        <method signature="TC_Hypothyroidism.browserlaunch()[pri:1, instance:com.tarladalal.testcases.TC_Hypothyroidism@75d4a5c2]" name="browserlaunch" class="com.tarladalal.testcases.TC_Hypothyroidism"/>
        <method signature="TC_Hypothyroidism.getRecipeDetails()[pri:2, instance:com.tarladalal.testcases.TC_Hypothyroidism@75d4a5c2]" name="getRecipeDetails" class="com.tarladalal.testcases.TC_Hypothyroidism"/>
        <method signature="TC_Hypothyroidism.captureDatainsheet()[pri:3, instance:com.tarladalal.testcases.TC_Hypothyroidism@75d4a5c2]" name="captureDatainsheet" class="com.tarladalal.testcases.TC_Hypothyroidism"/>
      </group> <!-- Hypothyroid -->
    </groups>
    <test started-at="2023-04-25T11:25:10 MST" name="Test" finished-at="2023-04-25T11:25:42 MST" duration-ms="31772">
      <class name="com.tarladalal.testcases.TC_Hypothyroidism">
        <test-method is-config="true" signature="setup(java.lang.String)[pri:0, instance:com.tarladalal.testcases.TC_Hypothyroidism@75d4a5c2]" started-at="2023-04-25T11:25:10 MST" name="setup" finished-at="2023-04-25T11:25:15 MST" duration-ms="4129" status="PASS">
          <params>
            <param index="0">
              <value>
                <![CDATA[chrome]]>
              </value>
            </param>
          </params>
          <reporter-output>
          </reporter-output>
        </test-method> <!-- setup -->
        <test-method signature="browserlaunch()[pri:1, instance:com.tarladalal.testcases.TC_Hypothyroidism@75d4a5c2]" started-at="2023-04-25T11:25:15 MST" name="browserlaunch" finished-at="2023-04-25T11:25:22 MST" duration-ms="7151" status="PASS">
          <reporter-output>
          </reporter-output>
        </test-method> <!-- browserlaunch -->
        <test-method signature="getRecipeDetails()[pri:2, instance:com.tarladalal.testcases.TC_Hypothyroidism@75d4a5c2]" started-at="2023-04-25T11:25:22 MST" name="getRecipeDetails" finished-at="2023-04-25T11:25:29 MST" duration-ms="7216" status="PASS">
          <reporter-output>
          </reporter-output>
        </test-method> <!-- getRecipeDetails -->
        <test-method signature="captureDatainsheet()[pri:3, instance:com.tarladalal.testcases.TC_Hypothyroidism@75d4a5c2]" started-at="2023-04-25T11:25:29 MST" name="captureDatainsheet" finished-at="2023-04-25T11:25:42 MST" duration-ms="12847" status="PASS">
          <reporter-output>
          </reporter-output>
        </test-method> <!-- captureDatainsheet -->
        <test-method is-config="true" signature="tearDown()[pri:0, instance:com.tarladalal.testcases.TC_Hypothyroidism@75d4a5c2]" started-at="2023-04-25T11:25:42 MST" name="tearDown" finished-at="2023-04-25T11:25:42 MST" duration-ms="341" status="PASS">
          <reporter-output>
          </reporter-output>
        </test-method> <!-- tearDown -->
      </class> <!-- com.tarladalal.testcases.TC_Hypothyroidism -->
    </test> <!-- Test -->
  </suite> <!-- Suite -->
</testng-results>
